TN:
SF:/Users/Kylewang/Documents/myProject/mini_program_sdk/index.ts
FNF:0
FNH:0
DA:1,1
DA:2,1
DA:4,1
DA:5,1
LF:4
LH:4
BRF:0
BRH:0
end_of_record
TN:
SF:/Users/Kylewang/Documents/myProject/mini_program_sdk/src/errorCode.ts
FNF:0
FNH:0
DA:1,1
DA:10,1
LF:2
LH:2
BRF:0
BRH:0
end_of_record
TN:
SF:/Users/Kylewang/Documents/myProject/mini_program_sdk/src/global.ts
FN:3,setGlobalData
FN:7,getGlobalData
FNF:2
FNH:2
FNDA:15,setGlobalData
FNDA:31,getGlobalData
DA:1,1
DA:3,1
DA:4,15
DA:7,1
DA:8,31
LF:5
LH:5
BRF:0
BRH:0
end_of_record
TN:
SF:/Users/Kylewang/Documents/myProject/mini_program_sdk/src/openApiRequest.ts
FN:6,(anonymous_0)
FNF:1
FNH:1
FNDA:10,(anonymous_0)
DA:1,1
DA:2,1
DA:6,1
DA:7,10
DA:8,10
DA:13,10
DA:15,10
DA:16,10
DA:18,10
DA:19,10
DA:22,1
LF:11
LH:11
BRF:0
BRH:0
end_of_record
TN:
SF:/Users/Kylewang/Documents/myProject/mini_program_sdk/src/randomCode.ts
FN:17,(anonymous_0)
FN:19,(anonymous_1)
FN:30,(anonymous_2)
FN:34,(anonymous_3)
FNF:4
FNH:4
FNDA:7,(anonymous_0)
FNDA:7,(anonymous_1)
FNDA:7,(anonymous_2)
FNDA:7,(anonymous_3)
DA:1,1
DA:2,1
DA:17,1
DA:18,7
DA:19,7
DA:20,7
DA:25,7
DA:27,7
DA:30,1
DA:31,7
DA:34,1
DA:35,7
DA:36,7
DA:37,7
DA:38,112
DA:40,7
DA:41,7
DA:42,7
DA:43,7
DA:44,7
DA:45,7
DA:46,7
DA:52,1
LF:23
LH:23
BRF:0
BRH:0
end_of_record
TN:
SF:/Users/Kylewang/Documents/myProject/mini_program_sdk/src/request.ts
FN:11,request
FN:12,(anonymous_1)
FN:15,(anonymous_2)
FN:22,(anonymous_3)
FNF:4
FNH:4
FNDA:10,request
FNDA:10,(anonymous_1)
FNDA:9,(anonymous_2)
FNDA:1,(anonymous_3)
DA:11,1
DA:12,10
DA:13,10
DA:16,9
DA:17,2
DA:19,7
DA:23,1
LF:7
LH:7
BRDA:16,0,0,2
BRDA:16,0,1,7
BRF:2
BRH:2
end_of_record
TN:
SF:/Users/Kylewang/Documents/myProject/mini_program_sdk/src/sdk.ts
FN:85,(anonymous_0)
FN:137,(anonymous_1)
FN:151,(anonymous_2)
FN:155,(anonymous_3)
FN:206,(anonymous_4)
FN:225,(anonymous_5)
FN:229,(anonymous_6)
FN:243,(anonymous_7)
FN:261,(anonymous_8)
FN:268,(anonymous_9)
FN:272,(anonymous_10)
FN:286,(anonymous_11)
FN:287,(anonymous_12)
FN:292,(anonymous_13)
FN:296,(anonymous_14)
FN:330,(anonymous_15)
FN:332,(anonymous_16)
FN:350,(anonymous_17)
FN:365,(anonymous_18)
FN:405,(anonymous_19)
FN:408,(anonymous_20)
FN:412,(anonymous_21)
FN:436,(anonymous_22)
FN:437,(anonymous_23)
FN:443,(anonymous_24)
FN:444,(anonymous_25)
FN:469,(anonymous_26)
FN:485,(anonymous_27)
FN:510,(anonymous_28)
FN:109,(anonymous_29)
FNF:30
FNH:30
FNDA:2,(anonymous_0)
FNDA:2,(anonymous_1)
FNDA:8,(anonymous_2)
FNDA:8,(anonymous_3)
FNDA:2,(anonymous_4)
FNDA:2,(anonymous_5)
FNDA:1,(anonymous_6)
FNDA:7,(anonymous_7)
FNDA:5,(anonymous_8)
FNDA:4,(anonymous_9)
FNDA:2,(anonymous_10)
FNDA:6,(anonymous_11)
FNDA:6,(anonymous_12)
FNDA:6,(anonymous_13)
FNDA:7,(anonymous_14)
FNDA:13,(anonymous_15)
FNDA:13,(anonymous_16)
FNDA:2,(anonymous_17)
FNDA:8,(anonymous_18)
FNDA:12,(anonymous_19)
FNDA:8,(anonymous_20)
FNDA:1,(anonymous_21)
FNDA:3,(anonymous_22)
FNDA:3,(anonymous_23)
FNDA:6,(anonymous_24)
FNDA:6,(anonymous_25)
FNDA:2,(anonymous_26)
FNDA:27,(anonymous_27)
FNDA:4,(anonymous_28)
FNDA:8,(anonymous_29)
DA:1,1
DA:2,1
DA:3,1
DA:4,1
DA:5,1
DA:7,1
DA:87,2
DA:88,2
DA:89,2
DA:90,2
DA:91,2
DA:92,2
DA:95,2
DA:96,2
DA:97,2
DA:98,2
DA:99,2
DA:100,2
DA:106,2
DA:109,2
DA:110,8
DA:114,2
DA:115,2
DA:116,2
DA:117,2
DA:119,2
DA:120,2
DA:125,2
DA:126,2
DA:127,2
DA:128,2
DA:131,2
DA:137,2
DA:138,2
DA:141,1
DA:145,2
DA:151,2
DA:155,8
DA:156,8
DA:157,8
DA:159,8
DA:160,8
DA:161,8
DA:162,8
DA:163,8
DA:164,8
DA:166,8
DA:167,8
DA:168,32
DA:171,8
DA:172,8
DA:173,64
DA:176,8
DA:179,8
DA:180,8
DA:181,8
DA:182,8
DA:185,8
DA:187,8
DA:188,8
DA:189,8
DA:190,192
DA:195,8
DA:196,8
DA:198,8
DA:206,8
DA:207,2
DA:208,2
DA:209,2
DA:225,8
DA:226,2
DA:229,8
DA:232,1
DA:233,1
DA:243,8
DA:244,7
DA:246,6
DA:247,6
DA:248,6
DA:249,6
DA:251,6
DA:253,6
DA:254,6
DA:255,4
DA:257,2
DA:261,8
DA:264,5
DA:268,8
DA:271,4
DA:276,2
DA:286,2
DA:287,6
DA:289,6
DA:290,6
DA:291,6
DA:292,6
DA:293,6
DA:295,6
DA:296,6
DA:297,7
DA:298,7
DA:299,7
DA:300,5
DA:301,5
DA:303,1
DA:304,1
DA:307,4
DA:313,2
DA:322,6
DA:330,2
DA:332,13
DA:333,13
DA:335,1
DA:342,1
DA:344,12
DA:345,12
DA:346,12
DA:350,12
DA:351,2
DA:358,2
DA:365,12
DA:369,8
DA:370,8
DA:371,8
DA:372,4
DA:373,3
DA:374,3
DA:375,2
DA:380,1
DA:390,1
DA:397,3
DA:399,7
DA:403,12
DA:404,12
DA:406,12
DA:410,8
DA:414,1
DA:421,1
DA:436,2
DA:437,3
DA:438,3
DA:440,3
DA:441,3
DA:443,3
DA:444,6
DA:445,6
DA:446,3
DA:447,3
DA:463,3
DA:466,3
DA:467,3
DA:468,2
DA:469,2
DA:470,2
DA:472,2
DA:477,1
DA:485,2
DA:486,27
DA:487,27
DA:488,27
DA:489,27
DA:490,27
DA:491,27
DA:493,27
DA:494,27
DA:499,27
DA:500,27
DA:501,24
DA:502,24
DA:503,24
DA:510,2
DA:511,4
DA:512,2
DA:520,4
DA:526,1
LF:175
LH:175
BRDA:138,0,0,1
BRDA:138,0,1,1
BRDA:138,1,0,2
BRDA:138,1,1,1
BRDA:209,2,0,2
BRDA:209,2,1,2
BRDA:244,3,0,1
BRDA:244,3,1,6
BRDA:248,4,0,6
BRDA:248,4,1,6
BRDA:271,5,0,4
BRDA:271,5,1,2
BRDA:276,6,0,2
BRDA:276,6,1,2
BRDA:301,7,0,1
BRDA:301,7,1,4
BRDA:304,8,0,1
BRDA:304,8,1,1
BRDA:331,9,0,12
BRDA:333,10,0,1
BRDA:333,10,1,12
BRDA:372,11,0,3
BRDA:372,11,1,1
BRDA:445,12,0,3
BRDA:445,12,1,3
BRDA:470,13,0,2
BRDA:470,13,1,2
BRDA:486,14,0,27
BRDA:486,14,1,12
BRDA:487,15,0,27
BRDA:487,15,1,8
BRDA:500,16,0,24
BRDA:500,16,1,3
BRDA:511,17,0,2
BRDA:511,17,1,2
BRDA:110,18,0,8
BRDA:110,18,1,8
BRF:37
BRH:37
end_of_record
TN:
SF:/Users/Kylewang/Documents/myProject/mini_program_sdk/src/sleep.ts
FN:1,(anonymous_0)
FN:1,(anonymous_1)
FN:1,(anonymous_2)
FNF:3
FNH:3
FNDA:2,(anonymous_0)
FNDA:2,(anonymous_1)
FNDA:2,(anonymous_2)
DA:1,2
DA:2,1
LF:2
LH:2
BRF:0
BRH:0
end_of_record
