TN:
SF:/Users/Kylewang/Documents/myProject/mini_program_sdk/index.ts
FNF:0
FNH:0
DA:1,1
DA:2,1
DA:4,1
DA:5,1
LF:4
LH:4
BRF:0
BRH:0
end_of_record
TN:
SF:/Users/Kylewang/Documents/myProject/mini_program_sdk/src/errorCode.ts
FNF:0
FNH:0
DA:1,1
DA:10,1
LF:2
LH:2
BRF:0
BRH:0
end_of_record
TN:
SF:/Users/Kylewang/Documents/myProject/mini_program_sdk/src/global.ts
FN:3,setGlobalData
FN:7,getGlobalData
FNF:2
FNH:2
FNDA:15,setGlobalData
FNDA:31,getGlobalData
DA:1,1
DA:3,1
DA:4,15
DA:7,1
DA:8,31
LF:5
LH:5
BRF:0
BRH:0
end_of_record
TN:
SF:/Users/Kylewang/Documents/myProject/mini_program_sdk/src/openApiRequest.ts
FN:6,(anonymous_0)
FNF:1
FNH:1
FNDA:10,(anonymous_0)
DA:1,1
DA:2,1
DA:6,1
DA:7,10
DA:8,10
DA:13,10
DA:15,10
DA:16,10
DA:18,10
DA:19,10
DA:22,1
LF:11
LH:11
BRF:0
BRH:0
end_of_record
TN:
SF:/Users/Kylewang/Documents/myProject/mini_program_sdk/src/randomCode.ts
FN:17,(anonymous_0)
FN:19,(anonymous_1)
FN:30,(anonymous_2)
FN:34,(anonymous_3)
FNF:4
FNH:4
FNDA:7,(anonymous_0)
FNDA:7,(anonymous_1)
FNDA:7,(anonymous_2)
FNDA:7,(anonymous_3)
DA:1,1
DA:2,1
DA:17,1
DA:18,7
DA:19,7
DA:20,7
DA:25,7
DA:27,7
DA:30,1
DA:31,7
DA:34,1
DA:35,7
DA:36,7
DA:37,7
DA:38,112
DA:40,7
DA:41,7
DA:42,7
DA:43,7
DA:44,7
DA:45,7
DA:46,7
DA:52,1
LF:23
LH:23
BRF:0
BRH:0
end_of_record
TN:
SF:/Users/Kylewang/Documents/myProject/mini_program_sdk/src/request.ts
FN:11,request
FN:12,(anonymous_1)
FN:15,(anonymous_2)
FN:22,(anonymous_3)
FNF:4
FNH:4
FNDA:10,request
FNDA:10,(anonymous_1)
FNDA:9,(anonymous_2)
FNDA:1,(anonymous_3)
DA:11,1
DA:12,10
DA:13,10
DA:16,9
DA:17,2
DA:19,7
DA:23,1
LF:7
LH:7
BRDA:16,0,0,2
BRDA:16,0,1,7
BRF:2
BRH:2
end_of_record
TN:
SF:/Users/Kylewang/Documents/myProject/mini_program_sdk/src/sdk.ts
FN:85,(anonymous_0)
FN:137,(anonymous_1)
FN:151,(anonymous_2)
FN:155,(anonymous_3)
FN:206,(anonymous_4)
FN:224,(anonymous_5)
FN:228,(anonymous_6)
FN:242,(anonymous_7)
FN:260,(anonymous_8)
FN:267,(anonymous_9)
FN:271,(anonymous_10)
FN:285,(anonymous_11)
FN:286,(anonymous_12)
FN:290,(anonymous_13)
FN:294,(anonymous_14)
FN:327,(anonymous_15)
FN:329,(anonymous_16)
FN:347,(anonymous_17)
FN:362,(anonymous_18)
FN:401,(anonymous_19)
FN:404,(anonymous_20)
FN:408,(anonymous_21)
FN:428,(anonymous_22)
FN:429,(anonymous_23)
FN:435,(anonymous_24)
FN:436,(anonymous_25)
FN:461,(anonymous_26)
FN:477,(anonymous_27)
FN:496,(anonymous_28)
FN:109,(anonymous_29)
FNF:30
FNH:30
FNDA:2,(anonymous_0)
FNDA:2,(anonymous_1)
FNDA:8,(anonymous_2)
FNDA:8,(anonymous_3)
FNDA:2,(anonymous_4)
FNDA:2,(anonymous_5)
FNDA:1,(anonymous_6)
FNDA:7,(anonymous_7)
FNDA:5,(anonymous_8)
FNDA:4,(anonymous_9)
FNDA:2,(anonymous_10)
FNDA:6,(anonymous_11)
FNDA:6,(anonymous_12)
FNDA:6,(anonymous_13)
FNDA:7,(anonymous_14)
FNDA:13,(anonymous_15)
FNDA:13,(anonymous_16)
FNDA:2,(anonymous_17)
FNDA:8,(anonymous_18)
FNDA:12,(anonymous_19)
FNDA:8,(anonymous_20)
FNDA:1,(anonymous_21)
FNDA:3,(anonymous_22)
FNDA:3,(anonymous_23)
FNDA:6,(anonymous_24)
FNDA:6,(anonymous_25)
FNDA:2,(anonymous_26)
FNDA:27,(anonymous_27)
FNDA:4,(anonymous_28)
FNDA:8,(anonymous_29)
DA:1,1
DA:2,1
DA:3,1
DA:4,1
DA:5,1
DA:7,1
DA:87,2
DA:88,2
DA:89,2
DA:90,2
DA:91,2
DA:92,2
DA:95,2
DA:96,2
DA:97,2
DA:98,2
DA:99,2
DA:100,2
DA:106,2
DA:109,2
DA:110,8
DA:114,2
DA:115,2
DA:116,2
DA:117,2
DA:119,2
DA:120,2
DA:125,2
DA:126,2
DA:127,2
DA:128,2
DA:131,2
DA:137,2
DA:138,2
DA:141,1
DA:145,2
DA:151,2
DA:155,8
DA:157,8
DA:159,8
DA:160,8
DA:161,8
DA:162,8
DA:163,8
DA:164,8
DA:166,8
DA:167,8
DA:168,32
DA:171,8
DA:172,8
DA:173,64
DA:176,8
DA:179,8
DA:180,8
DA:181,8
DA:182,8
DA:185,8
DA:187,8
DA:188,8
DA:189,8
DA:190,192
DA:195,8
DA:196,8
DA:198,8
DA:206,8
DA:207,2
DA:208,2
DA:224,8
DA:225,2
DA:228,8
DA:231,1
DA:232,1
DA:242,8
DA:243,7
DA:245,6
DA:246,6
DA:247,6
DA:248,6
DA:250,6
DA:252,6
DA:253,6
DA:254,4
DA:256,2
DA:260,8
DA:263,5
DA:267,8
DA:270,4
DA:275,2
DA:285,2
DA:286,6
DA:288,6
DA:289,6
DA:290,6
DA:291,6
DA:293,6
DA:294,6
DA:295,7
DA:296,7
DA:297,7
DA:298,5
DA:300,1
DA:301,1
DA:304,4
DA:310,2
DA:319,6
DA:327,2
DA:329,13
DA:330,13
DA:332,1
DA:339,1
DA:341,12
DA:342,12
DA:343,12
DA:347,12
DA:348,2
DA:355,2
DA:362,12
DA:366,8
DA:367,8
DA:368,8
DA:369,4
DA:370,3
DA:371,3
DA:372,2
DA:377,1
DA:387,1
DA:394,3
DA:396,7
DA:400,12
DA:402,12
DA:410,1
DA:417,1
DA:428,2
DA:429,3
DA:430,3
DA:432,3
DA:433,3
DA:435,3
DA:436,6
DA:437,6
DA:438,3
DA:439,3
DA:455,3
DA:458,3
DA:459,3
DA:460,2
DA:461,2
DA:462,2
DA:464,2
DA:469,1
DA:477,2
DA:478,27
DA:479,27
DA:480,27
DA:481,27
DA:482,27
DA:483,27
DA:484,27
DA:485,27
DA:486,27
DA:487,24
DA:488,24
DA:489,24
DA:496,2
DA:497,4
DA:498,2
DA:506,4
DA:512,1
LF:168
LH:168
BRDA:138,0,0,1
BRDA:138,0,1,1
BRDA:138,1,0,2
BRDA:138,1,1,1
BRDA:208,2,0,2
BRDA:208,2,1,2
BRDA:243,3,0,1
BRDA:243,3,1,6
BRDA:247,4,0,6
BRDA:247,4,1,6
BRDA:270,5,0,4
BRDA:270,5,1,2
BRDA:275,6,0,2
BRDA:275,6,1,2
BRDA:298,7,0,1
BRDA:298,7,1,4
BRDA:301,8,0,1
BRDA:301,8,1,1
BRDA:328,9,0,12
BRDA:330,10,0,1
BRDA:330,10,1,12
BRDA:369,11,0,3
BRDA:369,11,1,1
BRDA:437,12,0,3
BRDA:437,12,1,3
BRDA:462,13,0,2
BRDA:462,13,1,2
BRDA:478,14,0,27
BRDA:478,14,1,12
BRDA:479,15,0,27
BRDA:479,15,1,8
BRDA:486,16,0,24
BRDA:486,16,1,3
BRDA:497,17,0,2
BRDA:497,17,1,2
BRDA:110,18,0,8
BRDA:110,18,1,8
BRF:37
BRH:37
end_of_record
TN:
SF:/Users/Kylewang/Documents/myProject/mini_program_sdk/src/sleep.ts
FN:1,(anonymous_0)
FN:1,(anonymous_1)
FN:1,(anonymous_2)
FNF:3
FNH:3
FNDA:2,(anonymous_0)
FNDA:2,(anonymous_1)
FNDA:2,(anonymous_2)
DA:1,2
DA:2,1
LF:2
LH:2
BRF:0
BRH:0
end_of_record
